<?xml version="1.0" encoding="UTF-8"?>
<!-- Generated by org.testng.reporters.JUnitReportReporter -->
<testsuite skipped="0" hostname="Lenovo-PC" name="testcases.TC001_Login" tests="5" failures="0" timestamp="2021-11-05T10:20:09 IST" time="21.934" errors="0">
  <testcase name="loginFieldValidation" time="3.264" classname="testcases.TC001_Login"/>
  <system-out/>
  <testcase name="loginWithValidCredential" time="4.279" classname="testcases.TC001_Login"/>
  <system-out/>
  <testcase name="loginWithValidCredential" time="6.404" classname="testcases.TC001_Login"/>
  <system-out/>
  <testcase name="loginWithValidCredential" time="3.155" classname="testcases.TC001_Login"/>
  <system-out/>
  <testcase name="loginWithInValidCredential" time="4.832" classname="testcases.TC001_Login"/>
  <system-out/>
</testsuite> <!-- testcases.TC001_Login -->
