<?xml version="1.0" encoding="UTF-8"?>
<!-- Generated by org.testng.reporters.JUnitReportReporter -->
<testsuite skipped="0" hostname="Lenovo-PC" name="testcases.TC002_Registration" tests="4" failures="0" timestamp="2021-11-02T09:18:41 IST" time="14.503" errors="0">
  <testcase name="registrationFieldValidation" time="1.793" classname="testcases.TC002_Registration"/>
  <system-out/>
  <testcase name="regiterWithMandatoryFields" time="4.574" classname="testcases.TC002_Registration"/>
  <system-out/>
  <testcase name="regiterWithMandatoryFields" time="5.705" classname="testcases.TC002_Registration"/>
  <system-out/>
  <testcase name="regiterWithMandatoryFields" time="2.431" classname="testcases.TC002_Registration"/>
  <system-out/>
</testsuite> <!-- testcases.TC002_Registration -->
