<?xml version="1.0" encoding="UTF-8"?>
<!-- Generated by org.testng.reporters.JUnitReportReporter -->
<testsuite skipped="0" hostname="Lenovo-PC" name="testcases.TC002_Registration" tests="4" failures="0" timestamp="2021-11-05T10:20:09 IST" time="29.765" errors="0">
  <testcase name="registrationFieldValidation" time="3.919" classname="testcases.TC002_Registration"/>
  <system-out/>
  <testcase name="regiterWithMandatoryFields" time="4.693" classname="testcases.TC002_Registration"/>
  <system-out/>
  <testcase name="regiterWithMandatoryFields" time="11.798" classname="testcases.TC002_Registration"/>
  <system-out/>
  <testcase name="regiterWithMandatoryFields" time="9.355" classname="testcases.TC002_Registration"/>
  <system-out/>
</testsuite> <!-- testcases.TC002_Registration -->
