<?xml version="1.0" encoding="UTF-8"?>
<!-- Generated by org.testng.reporters.JUnitReportReporter -->
<testsuite skipped="0" hostname="Lenovo-PC" name="testcases.TC001_Login" tests="5" failures="0" timestamp="2021-11-02T09:18:41 IST" time="11.236" errors="0">
  <testcase name="loginFieldValidation" time="0.694" classname="testcases.TC001_Login"/>
  <system-out/>
  <testcase name="loginWithValidCredential" time="1.881" classname="testcases.TC001_Login"/>
  <system-out/>
  <testcase name="loginWithValidCredential" time="5.775" classname="testcases.TC001_Login"/>
  <system-out/>
  <testcase name="loginWithValidCredential" time="1.760" classname="testcases.TC001_Login"/>
  <system-out/>
  <testcase name="loginWithInValidCredential" time="1.126" classname="testcases.TC001_Login"/>
  <system-out/>
</testsuite> <!-- testcases.TC001_Login -->
